Wed Apr 23 19:11:59 UTC 2025
Thu Apr 24 13:36:35 UTC 2025
Fri Apr 25 13:18:40 UTC 2025
Sat Apr 26 13:03:43 UTC 2025
Sun Apr 27 13:04:17 UTC 2025
Mon Apr 28 13:49:55 UTC 2025
Tue Apr 29 13:44:15 UTC 2025
Wed Apr 30 13:19:13 UTC 2025
Thu May  1 13:17:39 UTC 2025
Fri May  2 13:18:44 UTC 2025
Sat May  3 13:05:16 UTC 2025
Sun May  4 13:13:40 UTC 2025
Mon May  5 13:36:04 UTC 2025
Tue May  6 13:39:35 UTC 2025
Wed May  7 13:42:26 UTC 2025
Thu May  8 13:35:11 UTC 2025
Fri May  9 13:35:12 UTC 2025
Sat May 10 13:05:07 UTC 2025
Sun May 11 13:05:36 UTC 2025
Mon May 12 13:41:02 UTC 2025
Tue May 13 13:42:53 UTC 2025
Wed May 14 13:37:43 UTC 2025
Thu May 15 13:37:27 UTC 2025
Fri May 16 13:36:42 UTC 2025
Sat May 17 13:13:33 UTC 2025
Sun May 18 13:14:28 UTC 2025
Mon May 19 13:40:58 UTC 2025
Tue May 20 13:42:18 UTC 2025
Wed May 21 13:38:48 UTC 2025
Thu May 22 13:39:05 UTC 2025
Fri May 23 13:36:23 UTC 2025
Sat May 24 13:17:15 UTC 2025
Sun May 25 12:25:23 UTC 2025
Mon May 26 12:28:00 UTC 2025
Tue May 27 12:29:04 UTC 2025
Wed May 28 12:29:27 UTC 2025
Thu May 29 12:28:38 UTC 2025
Fri May 30 12:28:21 UTC 2025
Sat May 31 12:25:58 UTC 2025
Sun Jun  1 12:26:31 UTC 2025
